Case 1: 12 4 4 4 0
Case 2: 3 3 3 1 1
Case 3: 1 1 1 1 1
Case 4: 59132290782430712
Case 5: 342400333 176236005
Case 6: 102755997658 53065549458
Case 7: 23 25
Case 8: 7192104428 2436834512 4848126678
Case 9: 2062 1756 1434 366 736 1082 2690 2328 2540
Case 10: 775 1177 1543 3119 3845 2341 3493 2725 389 1917
Case 11: 704 1056 1360 2784 3394 2112 3106 2452 352 1740
Case 12: 633 935 1205 2451 2953 1883 2727 2171 315 1573
Case 13: 555 823 1081 2137 2533 1653 2361 1891 277 1407
Case 14: 477 721 975 1843 2145 1427 2015 1631 241 1231
Case 15: 413 625 867 1565 1793 1213 1695 1395 209 1051
Case 16: 363 535 745 1305 1477 1017 1403 1175 181 877
Case 17: 313 455 613 1067 1195 841 1141 969 155 713
Case 18: 256 384 484 858 944 686 912 784 128 570
Case 19: 200 314 372 682 726 554 714 628 102 458
Case 20: 157 241 287 531 545 445 543 499 81 371
Case 21: 128 174 228 398 400 354 400 386 64 300
Case 22: 101 127 187 287 287 273 287 285 49 241
Case 23: 71 103 155 201 201 199 201 201 37 187
Case 24: 50 90 122 136 136 136 136 136 28 134
Case 25: 43 73 85 87 87 87 87 87 21 87
Case 26: 36 48 50 50 50 50 50 50 16 50
Case 27: 50 50 36 50 50 50 50 50 16 48
Case 28: 50 50 50 50 50 48 50 50 36 16
Case 29: 16 36 48 50 50 50 50 50 50 50
Case 30: 50 50 50 50 50 50 50 48 36 16
Case 31: 21 23 23 23 23 23 23 23 11 23
Case 32: 7 7 7 7 7 7 7 7 5 7
Case 33: 1 1 1 1 1 1 1 1 1 1
Case 34: 6923345 9620325 3700125
Case 35: 4 4 0
Case 36: 1
Case 37: 8 0 0 0
Case 38: 3 3
Case 39: 57 57 5
Case 40: 44 16 32
Case 41: 2 0
Case 42: 16 16 0 0
Case 43: 1
Case 44: 1
Case 45: 3 1 1
Case 46: 2 0
Case 47: 5 3 3 1
Case 48: 4 0 0
Case 49: 7 1
Case 50: 2 0
Case 51: 2 2 0
Case 52: 2 2 0
Case 53: 1 1 1
Case 54: 2 0
Case 55: 1 1
Case 56: 2 0
Case 57: 8 0 0
Case 58: 10 8
Case 59: 2 0 2
Case 60: 4 4 0 0
Case 61: 2 4 2
Case 62: 2 2 0
Case 63: 2 2 2 0
Case 64: 4 4 0
Case 65: 16 0 0
Case 66: 1 1
Case 67: 2 0
Case 68: 8 16 0 0
Case 69: 8 8 8 0 0
Case 70: 2 0
Case 71: 24 0
Case 72: 239 287 171
Case 73: 2 2
Case 74: 1
Case 75: 1
Case 76: 1
Case 77: 8 8 0
Case 78: 2 0
Case 79: 1 1 1
Case 80: 2 6 10 0
Case 81: 1 1 1
Case 82: 8 0 0
Case 83: 1
Case 84: 1
Case 85: 12 8 14 4 2
Case 86: 6 24 4
Case 87: 3 3 1
Case 88: 2072 40
Case 89: 4 0 0
Case 90: 1256 372 792
Case 91: 9
Case 92: 29 3 9
Case 93: 5815780 59679256 31518466
Case 94: 1 9 15
Case 95: 1
Case 96: 1 1
Case 97: 18 24 16 4
Case 98: 147 23 93 21
Case 99: 74 12 24
Case 100: 168234 25442 64702 13430
Case 101: 35 43 13 13 7
Case 102: 16 16 8 4
Case 103: 20372211 154798957 153801415 154751455
Case 104: 339 1373 695 695
Case 105: 2 2 2 0
Case 106: 1 1
Case 107: 1 1
Case 108: 35 21 17 41 29 7
Case 109: 7 3
Case 110: 2 0
Case 111: 3 3 1 1
Case 112: 2 2 0
Case 113: 1
Case 114: 8 8 8 0
Case 115: 2 0
Case 116: 1
Case 117: 2 2 2 0
Case 118: 5 3
Case 119: 273530270 473619536
Case 120: 300 146 1164
Case 121: 1
Case 122: 16 0 16 0
Case 123: 7 7 1 1
Case 124: 2 0
Case 125: 94100 23858 117642 48098
Case 126: 113 21 101 13
Case 127: 4 6
Case 128: 1 1
Case 129: 1
Case 130: 8 0 0
Case 131: 295 139 721
Case 132: 1 1
Case 133: 1 1 1
Case 134: 2 0
